This file contains any messages produced by compilers while
running configure, to aid debugging if configure makes a mistake.

It was created by configure, which was
generated by GNU Autoconf 2.61.  Invocation command line was

  $ ./configure --with-slanglib=/usr/lib/x86_64-linux-gnu

## --------- ##
## Platform. ##
## --------- ##

hostname = server
uname -m = x86_64
uname -r = 4.18.0-2-amd64
uname -s = Linux
uname -v = #1 SMP Debian 4.18.10-2 (2018-11-02)

/usr/bin/uname -p = unknown
/bin/uname -X     = unknown

/bin/arch              = unknown
/usr/bin/arch -k       = unknown
/usr/convex/getsysinfo = unknown
/usr/bin/hostinfo      = unknown
/bin/machine           = unknown
/usr/bin/oslevel       = unknown
/bin/universe          = unknown

PATH: /opt/intel/advisor/bin64
PATH: /opt/intel/vtune_amplifier/bin64
PATH: /opt/intel/inspector/bin64
PATH: /opt/intel/compilers_and_libraries/linux/pkg_bin/intel64
PATH: /opt/intel/compilers_and_libraries/linux/debugger/gdb/intel64/bin
PATH: /usr/sbin
PATH: /usr/bin
PATH: /sbin
PATH: /bin
PATH: /usr/bin/X11


## ----------- ##
## Core tests. ##
## ----------- ##

configure:1767: checking for grep that handles long lines and -e
configure:1841: result: /bin/grep
configure:1846: checking for egrep
configure:1924: result: /bin/grep -E
configure:1978: checking for gcc
configure:2005: result: icc
configure:2243: checking for C compiler version
configure:2250: icc --version >&5
icc (ICC) 19.0.1.144 20181018
Copyright (C) 1985-2018 Intel Corporation.  All rights reserved.

configure:2253: $? = 0
configure:2260: icc -v >&5
icc version 19.0.1.144 (gcc version 8.2.0 compatibility)
icc: warning #10013: no objects specified for multi-file optimization
ld    /usr/lib/gcc/x86_64-linux-gnu/8/../../../x86_64-linux-gnu/Scrt1.o /usr/lib/gcc/x86_64-linux-gnu/8/../../../x86_64-linux-gnu/crti.o /usr/lib/gcc/x86_64-linux-gnu/8/crtbeginS.o --eh-frame-hdr --build-id -dynamic-linker /lib64/ld-linux-x86-64.so.2 -m elf_x86_64 -o a.out -L/opt/intel/tbb/lib/intel64/gcc4.7 -L/opt/intel/compilers_and_libraries_2019.1.144/linux/compiler/lib/intel64_lin -L/usr/lib/gcc/x86_64-linux-gnu/8/ -L/usr/lib/gcc/x86_64-linux-gnu/8/../../../x86_64-linux-gnu/ -L/usr/lib/gcc/x86_64-linux-gnu/8/../../../../lib/ -L/lib/x86_64-linux-gnu/ -L/lib/../lib64 -L/lib/../lib/ -L/usr/lib/x86_64-linux-gnu/ -L/usr/lib/../lib/ -L/opt/intel/tbb/lib/intel64/gcc4.7/ -L/usr/lib/gcc/x86_64-linux-gnu/8/../../../ -L/lib64 -L/lib/ -L/usr/lib --as-needed --gc-sections --print-gc-sections --print-memory-usage --relax --stats -Bdynamic -Bstatic -limf -lsvml -lirng -lmatmul -Bdynamic -lm -Bstatic -lipgo -ldecimal -Bdynamic -liomp5 --as-needed -lcilkrts -lstdc++ --no-as-needed -lgcc -lgcc_s -Bstatic -lirc -Bdynamic -lpthread -Bstatic -lsvml -Bdynamic -lc -lgcc -lgcc_s -Bstatic -lirc_s -Bdynamic -ldl -lc /usr/lib/gcc/x86_64-linux-gnu/8/crtendS.o /usr/lib/gcc/x86_64-linux-gnu/8/../../../x86_64-linux-gnu/crtn.o
ld: removing unused section '.rodata.cst4' in file '/usr/lib/gcc/x86_64-linux-gnu/8/../../../x86_64-linux-gnu/Scrt1.o'
ld: removing unused section '.data' in file '/usr/lib/gcc/x86_64-linux-gnu/8/../../../x86_64-linux-gnu/Scrt1.o'
ld: /usr/lib/gcc/x86_64-linux-gnu/8/../../../x86_64-linux-gnu/Scrt1.o: in function `_start':
(.text+0x20): undefined reference to `main'
Memory region         Used Size  Region Size  %age Used
configure:2263: $? = 1
configure:2270: icc -V >&5
Intel(R) C Intel(R) 64 Compiler for applications running on Intel(R) 64, Version 19.0.1.144 Build 20181018
Copyright (C) 1985-2018 Intel Corporation.  All rights reserved.

icc: warning #10013: no objects specified for multi-file optimization
GNU ld (GNU Binutils for Debian) 2.31.1
ld: removing unused section '.rodata.cst4' in file '/usr/lib/gcc/x86_64-linux-gnu/8/../../../x86_64-linux-gnu/Scrt1.o'
ld: removing unused section '.data' in file '/usr/lib/gcc/x86_64-linux-gnu/8/../../../x86_64-linux-gnu/Scrt1.o'
ld: /usr/lib/gcc/x86_64-linux-gnu/8/../../../x86_64-linux-gnu/Scrt1.o: in function `_start':
(.text+0x20): undefined reference to `main'
Memory region         Used Size  Region Size  %age Used
configure:2273: $? = 1
configure:2296: checking for C compiler default output file name
configure:2323: icc -g -O2 -fdebug-prefix-map=/home/richard/debs/NONGIT/most/check/most-5.0.0a=. -fstack-protector-strong -Wformat -Werror=format-security -march=native -pipe -Wall -DUTF8 -Wdate-time -D_FORTIFY_SOURCE=2 -Wl,-z,relro -Wl,--as-needed,--gc-sections,--print-gc-sections,--print-memory-usage,--stats conftest.c  >&5
ld: removing unused section '.rodata.cst4' in file '/usr/lib/gcc/x86_64-linux-gnu/8/../../../x86_64-linux-gnu/Scrt1.o'
ld: removing unused section '.data' in file '/usr/lib/gcc/x86_64-linux-gnu/8/../../../x86_64-linux-gnu/Scrt1.o'
Memory region         Used Size  Region Size  %age Used
ld: total time in link: 0.136618
configure:2326: $? = 0
configure:2364: result: a.out
configure:2381: checking whether the C compiler works
configure:2391: ./a.out
configure:2394: $? = 0
configure:2411: result: yes
configure:2418: checking whether we are cross compiling
configure:2420: result: no
configure:2423: checking for suffix of executables
configure:2430: icc -o conftest -g -O2 -fdebug-prefix-map=/home/richard/debs/NONGIT/most/check/most-5.0.0a=. -fstack-protector-strong -Wformat -Werror=format-security -march=native -pipe -Wall -DUTF8 -Wdate-time -D_FORTIFY_SOURCE=2 -Wl,-z,relro -Wl,--as-needed,--gc-sections,--print-gc-sections,--print-memory-usage,--stats conftest.c  >&5
ld: removing unused section '.rodata.cst4' in file '/usr/lib/gcc/x86_64-linux-gnu/8/../../../x86_64-linux-gnu/Scrt1.o'
ld: removing unused section '.data' in file '/usr/lib/gcc/x86_64-linux-gnu/8/../../../x86_64-linux-gnu/Scrt1.o'
Memory region         Used Size  Region Size  %age Used
ld: total time in link: 0.134876
configure:2433: $? = 0
configure:2457: result: 
configure:2463: checking for suffix of object files
configure:2489: icc -c -g -O2 -fdebug-prefix-map=/home/richard/debs/NONGIT/most/check/most-5.0.0a=. -fstack-protector-strong -Wformat -Werror=format-security -march=native -pipe -Wall -DUTF8 -Wdate-time -D_FORTIFY_SOURCE=2 conftest.c >&5
configure:2492: $? = 0
configure:2515: result: o
configure:2519: checking whether we are using the GNU C compiler
configure:2548: icc -c -g -O2 -fdebug-prefix-map=/home/richard/debs/NONGIT/most/check/most-5.0.0a=. -fstack-protector-strong -Wformat -Werror=format-security -march=native -pipe -Wall -DUTF8 -Wdate-time -D_FORTIFY_SOURCE=2 conftest.c >&5
configure:2554: $? = 0
configure:2571: result: yes
configure:2576: checking whether icc accepts -g
configure:2606: icc -c -g -Wdate-time -D_FORTIFY_SOURCE=2 conftest.c >&5
configure:2612: $? = 0
configure:2711: result: yes
configure:2728: checking for icc option to accept ISO C89
configure:2802: icc  -c -g -O2 -fdebug-prefix-map=/home/richard/debs/NONGIT/most/check/most-5.0.0a=. -fstack-protector-strong -Wformat -Werror=format-security -march=native -pipe -Wall -DUTF8 -Wdate-time -D_FORTIFY_SOURCE=2 conftest.c >&5
configure:2808: $? = 0
configure:2831: result: none needed
configure:2854: checking how to run the C preprocessor
configure:2894: icc -E -Wdate-time -D_FORTIFY_SOURCE=2 conftest.c
configure:2900: $? = 0
configure:2931: icc -E -Wdate-time -D_FORTIFY_SOURCE=2 conftest.c
conftest.c(8): error #2379: cannot open source file "ac_nonexistent.h"
  #include <ac_nonexistent.h>
                             ^

configure:2937: $? = 2
configure: failed program was:
| /* confdefs.h.  */
| #define PACKAGE_NAME ""
| #define PACKAGE_TARNAME ""
| #define PACKAGE_VERSION ""
| #define PACKAGE_STRING ""
| #define PACKAGE_BUGREPORT ""
| /* end confdefs.h.  */
| #include <ac_nonexistent.h>
configure:2970: result: icc -E
configure:2999: icc -E -Wdate-time -D_FORTIFY_SOURCE=2 conftest.c
configure:3005: $? = 0
configure:3036: icc -E -Wdate-time -D_FORTIFY_SOURCE=2 conftest.c
conftest.c(8): error #2379: cannot open source file "ac_nonexistent.h"
  #include <ac_nonexistent.h>
                             ^

configure:3042: $? = 2
configure: failed program was:
| /* confdefs.h.  */
| #define PACKAGE_NAME ""
| #define PACKAGE_TARNAME ""
| #define PACKAGE_VERSION ""
| #define PACKAGE_STRING ""
| #define PACKAGE_BUGREPORT ""
| /* end confdefs.h.  */
| #include <ac_nonexistent.h>
configure:3080: checking whether icc needs -traditional
configure:3122: result: no
configure:3129: checking for library containing strerror
configure:3170: icc -o conftest -g -O2 -fdebug-prefix-map=/home/richard/debs/NONGIT/most/check/most-5.0.0a=. -fstack-protector-strong -Wformat -Werror=format-security -march=native -pipe -Wall -DUTF8 -Wdate-time -D_FORTIFY_SOURCE=2 -Wl,-z,relro -Wl,--as-needed,--gc-sections,--print-gc-sections,--print-memory-usage,--stats conftest.c  >&5
Memory region         Used Size  Region Size  %age Used
ld: removing unused section '.rodata.cst4' in file '/usr/lib/gcc/x86_64-linux-gnu/8/../../../x86_64-linux-gnu/Scrt1.o'
ld: removing unused section '.data' in file '/usr/lib/gcc/x86_64-linux-gnu/8/../../../x86_64-linux-gnu/Scrt1.o'
ld: total time in link: 0.133046
configure:3176: $? = 0
configure:3204: result: none required
configure:3213: checking for AIX
configure:3235: result: no
configure:3264: checking C compiler that understands ANSI prototypes
configure:3288: icc -c -g -O2 -fdebug-prefix-map=/home/richard/debs/NONGIT/most/check/most-5.0.0a=. -fstack-protector-strong -Wformat -Werror=format-security -march=native -pipe -Wall -DUTF8 -Wdate-time -D_FORTIFY_SOURCE=2 conftest.c >&5
configure:3294: $? = 0
configure:3300: result: icc looks ok.  Good.
configure:3348: checking whether make sets $(MAKE)
configure:3369: result: yes
configure:3391: checking for a BSD-compatible install
configure:3447: result: /usr/bin/install -c
configure:3464: checking build system type
configure:3482: result: x86_64-pc-linux-gnu
configure:3504: checking host system type
configure:3519: result: x86_64-pc-linux-gnu
configure:3542: checking for ANSI C header files
configure:3572: icc -c -g -O2 -fdebug-prefix-map=/home/richard/debs/NONGIT/most/check/most-5.0.0a=. -fstack-protector-strong -Wformat -Werror=format-security -march=native -pipe -Wall -DUTF8 -Wdate-time -D_FORTIFY_SOURCE=2 conftest.c >&5
configure:3578: $? = 0
configure:3677: icc -o conftest -g -O2 -fdebug-prefix-map=/home/richard/debs/NONGIT/most/check/most-5.0.0a=. -fstack-protector-strong -Wformat -Werror=format-security -march=native -pipe -Wall -DUTF8 -Wdate-time -D_FORTIFY_SOURCE=2 -Wl,-z,relro -Wl,--as-needed,--gc-sections,--print-gc-sections,--print-memory-usage,--stats conftest.c  >&5
ld: removing unused section '.rodata.cst4' in file '/usr/lib/gcc/x86_64-linux-gnu/8/../../../x86_64-linux-gnu/Scrt1.o'
ld: removing unused section '.data' in file '/usr/lib/gcc/x86_64-linux-gnu/8/../../../x86_64-linux-gnu/Scrt1.o'
Memory region         Used Size  Region Size  %age Used
ld: total time in link: 0.137634
configure:3680: $? = 0
configure:3686: ./conftest
configure:3689: $? = 0
configure:3706: result: yes
configure:3730: checking for sys/types.h
configure:3751: icc -c -g -O2 -fdebug-prefix-map=/home/richard/debs/NONGIT/most/check/most-5.0.0a=. -fstack-protector-strong -Wformat -Werror=format-security -march=native -pipe -Wall -DUTF8 -Wdate-time -D_FORTIFY_SOURCE=2 conftest.c >&5
configure:3757: $? = 0
configure:3773: result: yes
configure:3730: checking for sys/stat.h
configure:3751: icc -c -g -O2 -fdebug-prefix-map=/home/richard/debs/NONGIT/most/check/most-5.0.0a=. -fstack-protector-strong -Wformat -Werror=format-security -march=native -pipe -Wall -DUTF8 -Wdate-time -D_FORTIFY_SOURCE=2 conftest.c >&5
configure:3757: $? = 0
configure:3773: result: yes
configure:3730: checking for stdlib.h
configure:3751: icc -c -g -O2 -fdebug-prefix-map=/home/richard/debs/NONGIT/most/check/most-5.0.0a=. -fstack-protector-strong -Wformat -Werror=format-security -march=native -pipe -Wall -DUTF8 -Wdate-time -D_FORTIFY_SOURCE=2 conftest.c >&5
configure:3757: $? = 0
configure:3773: result: yes
configure:3730: checking for string.h
configure:3751: icc -c -g -O2 -fdebug-prefix-map=/home/richard/debs/NONGIT/most/check/most-5.0.0a=. -fstack-protector-strong -Wformat -Werror=format-security -march=native -pipe -Wall -DUTF8 -Wdate-time -D_FORTIFY_SOURCE=2 conftest.c >&5
configure:3757: $? = 0
configure:3773: result: yes
configure:3730: checking for memory.h
configure:3751: icc -c -g -O2 -fdebug-prefix-map=/home/richard/debs/NONGIT/most/check/most-5.0.0a=. -fstack-protector-strong -Wformat -Werror=format-security -march=native -pipe -Wall -DUTF8 -Wdate-time -D_FORTIFY_SOURCE=2 conftest.c >&5
configure:3757: $? = 0
configure:3773: result: yes
configure:3730: checking for strings.h
configure:3751: icc -c -g -O2 -fdebug-prefix-map=/home/richard/debs/NONGIT/most/check/most-5.0.0a=. -fstack-protector-strong -Wformat -Werror=format-security -march=native -pipe -Wall -DUTF8 -Wdate-time -D_FORTIFY_SOURCE=2 conftest.c >&5
configure:3757: $? = 0
configure:3773: result: yes
configure:3730: checking for inttypes.h
configure:3751: icc -c -g -O2 -fdebug-prefix-map=/home/richard/debs/NONGIT/most/check/most-5.0.0a=. -fstack-protector-strong -Wformat -Werror=format-security -march=native -pipe -Wall -DUTF8 -Wdate-time -D_FORTIFY_SOURCE=2 conftest.c >&5
configure:3757: $? = 0
configure:3773: result: yes
configure:3730: checking for stdint.h
configure:3751: icc -c -g -O2 -fdebug-prefix-map=/home/richard/debs/NONGIT/most/check/most-5.0.0a=. -fstack-protector-strong -Wformat -Werror=format-security -march=native -pipe -Wall -DUTF8 -Wdate-time -D_FORTIFY_SOURCE=2 conftest.c >&5
configure:3757: $? = 0
configure:3773: result: yes
configure:3730: checking for unistd.h
configure:3751: icc -c -g -O2 -fdebug-prefix-map=/home/richard/debs/NONGIT/most/check/most-5.0.0a=. -fstack-protector-strong -Wformat -Werror=format-security -march=native -pipe -Wall -DUTF8 -Wdate-time -D_FORTIFY_SOURCE=2 conftest.c >&5
configure:3757: $? = 0
configure:3773: result: yes
configure:3797: checking dlfcn.h usability
configure:3814: icc -c -g -O2 -fdebug-prefix-map=/home/richard/debs/NONGIT/most/check/most-5.0.0a=. -fstack-protector-strong -Wformat -Werror=format-security -march=native -pipe -Wall -DUTF8 -Wdate-time -D_FORTIFY_SOURCE=2 conftest.c >&5
configure:3820: $? = 0
configure:3834: result: yes
configure:3838: checking dlfcn.h presence
configure:3853: icc -E -Wdate-time -D_FORTIFY_SOURCE=2 conftest.c
configure:3859: $? = 0
configure:3873: result: yes
configure:3901: checking for dlfcn.h
configure:3908: result: yes
configure:3918: checking for dlopen in -ldl
configure:3953: icc -o conftest -g -O2 -fdebug-prefix-map=/home/richard/debs/NONGIT/most/check/most-5.0.0a=. -fstack-protector-strong -Wformat -Werror=format-security -march=native -pipe -Wall -DUTF8 -Wdate-time -D_FORTIFY_SOURCE=2 -Wl,-z,relro -Wl,--as-needed,--gc-sections,--print-gc-sections,--print-memory-usage,--stats conftest.c -ldl   >&5
Memory region         Used Size  Region Size  %age Used
ld: removing unused section '.rodata.cst4' in file '/usr/lib/gcc/x86_64-linux-gnu/8/../../../x86_64-linux-gnu/Scrt1.o'
ld: removing unused section '.data' in file '/usr/lib/gcc/x86_64-linux-gnu/8/../../../x86_64-linux-gnu/Scrt1.o'
ld: total time in link: 0.132065
configure:3959: $? = 0
configure:3977: result: yes
configure:4249: checking for X
configure:4364: icc -E -Wdate-time -D_FORTIFY_SOURCE=2 conftest.c
configure:4370: $? = 0
configure:4419: icc -o conftest -g -O2 -fdebug-prefix-map=/home/richard/debs/NONGIT/most/check/most-5.0.0a=. -fstack-protector-strong -Wformat -Werror=format-security -march=native -pipe -Wall -DUTF8 -Wdate-time -D_FORTIFY_SOURCE=2 -Wl,-z,relro -Wl,--as-needed,--gc-sections,--print-gc-sections,--print-memory-usage,--stats conftest.c -lX11  >&5
Memory region         Used Size  Region Size  %age Used
ld: removing unused section '.rodata.cst4' in file '/usr/lib/gcc/x86_64-linux-gnu/8/../../../x86_64-linux-gnu/Scrt1.o'
ld: removing unused section '.data' in file '/usr/lib/gcc/x86_64-linux-gnu/8/../../../x86_64-linux-gnu/Scrt1.o'
ld: total time in link: 0.148769
configure:4425: $? = 0
configure:4484: result: libraries , headers 
configure:4645: icc -o conftest -g -O2 -fdebug-prefix-map=/home/richard/debs/NONGIT/most/check/most-5.0.0a=. -fstack-protector-strong -Wformat -Werror=format-security -march=native -pipe -Wall -DUTF8 -Wdate-time -D_FORTIFY_SOURCE=2 -Wl,-z,relro -Wl,--as-needed,--gc-sections,--print-gc-sections,--print-memory-usage,--stats conftest.c   -lX11 >&5
Memory region         Used Size  Region Size  %age Used
ld: removing unused section '.rodata.cst4' in file '/usr/lib/gcc/x86_64-linux-gnu/8/../../../x86_64-linux-gnu/Scrt1.o'
ld: removing unused section '.data' in file '/usr/lib/gcc/x86_64-linux-gnu/8/../../../x86_64-linux-gnu/Scrt1.o'
ld: total time in link: 0.149360
configure:4651: $? = 0
configure:4808: checking for gethostbyname
configure:4864: icc -o conftest -g -O2 -fdebug-prefix-map=/home/richard/debs/NONGIT/most/check/most-5.0.0a=. -fstack-protector-strong -Wformat -Werror=format-security -march=native -pipe -Wall -DUTF8 -Wdate-time -D_FORTIFY_SOURCE=2 -Wl,-z,relro -Wl,--as-needed,--gc-sections,--print-gc-sections,--print-memory-usage,--stats conftest.c  >&5
Memory region         Used Size  Region Size  %age Used
ld: removing unused section '.rodata.cst4' in file '/usr/lib/gcc/x86_64-linux-gnu/8/../../../x86_64-linux-gnu/Scrt1.o'
ld: removing unused section '.data' in file '/usr/lib/gcc/x86_64-linux-gnu/8/../../../x86_64-linux-gnu/Scrt1.o'
ld: total time in link: 0.127181
configure:4870: $? = 0
configure:4887: result: yes
configure:5032: checking for connect
configure:5088: icc -o conftest -g -O2 -fdebug-prefix-map=/home/richard/debs/NONGIT/most/check/most-5.0.0a=. -fstack-protector-strong -Wformat -Werror=format-security -march=native -pipe -Wall -DUTF8 -Wdate-time -D_FORTIFY_SOURCE=2 -Wl,-z,relro -Wl,--as-needed,--gc-sections,--print-gc-sections,--print-memory-usage,--stats conftest.c  >&5
Memory region         Used Size  Region Size  %age Used
ld: removing unused section '.rodata.cst4' in file '/usr/lib/gcc/x86_64-linux-gnu/8/../../../x86_64-linux-gnu/Scrt1.o'
ld: removing unused section '.data' in file '/usr/lib/gcc/x86_64-linux-gnu/8/../../../x86_64-linux-gnu/Scrt1.o'
ld: total time in link: 0.135619
configure:5094: $? = 0
configure:5111: result: yes
configure:5183: checking for remove
configure:5239: icc -o conftest -g -O2 -fdebug-prefix-map=/home/richard/debs/NONGIT/most/check/most-5.0.0a=. -fstack-protector-strong -Wformat -Werror=format-security -march=native -pipe -Wall -DUTF8 -Wdate-time -D_FORTIFY_SOURCE=2 -Wl,-z,relro -Wl,--as-needed,--gc-sections,--print-gc-sections,--print-memory-usage,--stats conftest.c  >&5
Memory region         Used Size  Region Size  %age Used
ld: removing unused section '.rodata.cst4' in file '/usr/lib/gcc/x86_64-linux-gnu/8/../../../x86_64-linux-gnu/Scrt1.o'
ld: removing unused section '.data' in file '/usr/lib/gcc/x86_64-linux-gnu/8/../../../x86_64-linux-gnu/Scrt1.o'
ld: total time in link: 0.135188
configure:5245: $? = 0
configure:5262: result: yes
configure:5334: checking for shmat
configure:5390: icc -o conftest -g -O2 -fdebug-prefix-map=/home/richard/debs/NONGIT/most/check/most-5.0.0a=. -fstack-protector-strong -Wformat -Werror=format-security -march=native -pipe -Wall -DUTF8 -Wdate-time -D_FORTIFY_SOURCE=2 -Wl,-z,relro -Wl,--as-needed,--gc-sections,--print-gc-sections,--print-memory-usage,--stats conftest.c  >&5
Memory region         Used Size  Region Size  %age Used
ld: removing unused section '.rodata.cst4' in file '/usr/lib/gcc/x86_64-linux-gnu/8/../../../x86_64-linux-gnu/Scrt1.o'
ld: removing unused section '.data' in file '/usr/lib/gcc/x86_64-linux-gnu/8/../../../x86_64-linux-gnu/Scrt1.o'
ld: total time in link: 0.135039
configure:5396: $? = 0
configure:5413: result: yes
configure:5494: checking for IceConnectionNumber in -lICE
configure:5529: icc -o conftest -g -O2 -fdebug-prefix-map=/home/richard/debs/NONGIT/most/check/most-5.0.0a=. -fstack-protector-strong -Wformat -Werror=format-security -march=native -pipe -Wall -DUTF8 -Wdate-time -D_FORTIFY_SOURCE=2 -Wl,-z,relro -Wl,--as-needed,--gc-sections,--print-gc-sections,--print-memory-usage,--stats conftest.c -lICE   >&5
Memory region         Used Size  Region Size  %age Used
ld: removing unused section '.rodata.cst4' in file '/usr/lib/gcc/x86_64-linux-gnu/8/../../../x86_64-linux-gnu/Scrt1.o'
ld: removing unused section '.data' in file '/usr/lib/gcc/x86_64-linux-gnu/8/../../../x86_64-linux-gnu/Scrt1.o'
ld: total time in link: 0.132742
configure:5535: $? = 0
configure:5553: result: yes
configure:5565: checking if you want to use mmap if available
configure:5574: result: yes
configure:5603: checking for stdlib.h
configure:5609: result: yes
configure:5603: checking for unistd.h
configure:5609: result: yes
configure:5603: checking for memory.h
configure:5609: result: yes
configure:5613: checking malloc.h usability
configure:5630: icc -c -g -O2 -fdebug-prefix-map=/home/richard/debs/NONGIT/most/check/most-5.0.0a=. -fstack-protector-strong -Wformat -Werror=format-security -march=native -pipe -Wall -DUTF8 -Wdate-time -D_FORTIFY_SOURCE=2 conftest.c >&5
configure:5636: $? = 0
configure:5650: result: yes
configure:5654: checking malloc.h presence
configure:5669: icc -E -Wdate-time -D_FORTIFY_SOURCE=2 conftest.c
configure:5675: $? = 0
configure:5689: result: yes
configure:5717: checking for malloc.h
configure:5725: result: yes
configure:5613: checking termios.h usability
configure:5630: icc -c -g -O2 -fdebug-prefix-map=/home/richard/debs/NONGIT/most/check/most-5.0.0a=. -fstack-protector-strong -Wformat -Werror=format-security -march=native -pipe -Wall -DUTF8 -Wdate-time -D_FORTIFY_SOURCE=2 conftest.c >&5
configure:5636: $? = 0
configure:5650: result: yes
configure:5654: checking termios.h presence
configure:5669: icc -E -Wdate-time -D_FORTIFY_SOURCE=2 conftest.c
configure:5675: $? = 0
configure:5689: result: yes
configure:5717: checking for termios.h
configure:5725: result: yes
configure:5613: checking sys/mman.h usability
configure:5630: icc -c -g -O2 -fdebug-prefix-map=/home/richard/debs/NONGIT/most/check/most-5.0.0a=. -fstack-protector-strong -Wformat -Werror=format-security -march=native -pipe -Wall -DUTF8 -Wdate-time -D_FORTIFY_SOURCE=2 conftest.c >&5
configure:5636: $? = 0
configure:5650: result: yes
configure:5654: checking sys/mman.h presence
configure:5669: icc -E -Wdate-time -D_FORTIFY_SOURCE=2 conftest.c
configure:5675: $? = 0
configure:5689: result: yes
configure:5717: checking for sys/mman.h
configure:5725: result: yes
configure:5747: checking for dirent.h that defines DIR
configure:5776: icc -c -g -O2 -fdebug-prefix-map=/home/richard/debs/NONGIT/most/check/most-5.0.0a=. -fstack-protector-strong -Wformat -Werror=format-security -march=native -pipe -Wall -DUTF8 -Wdate-time -D_FORTIFY_SOURCE=2 conftest.c >&5
configure:5782: $? = 0
configure:5798: result: yes
configure:5811: checking for library containing opendir
configure:5852: icc -o conftest -g -O2 -fdebug-prefix-map=/home/richard/debs/NONGIT/most/check/most-5.0.0a=. -fstack-protector-strong -Wformat -Werror=format-security -march=native -pipe -Wall -DUTF8 -Wdate-time -D_FORTIFY_SOURCE=2 -Wl,-z,relro -Wl,--as-needed,--gc-sections,--print-gc-sections,--print-memory-usage,--stats conftest.c  >&5
Memory region         Used Size  Region Size  %age Used
ld: removing unused section '.rodata.cst4' in file '/usr/lib/gcc/x86_64-linux-gnu/8/../../../x86_64-linux-gnu/Scrt1.o'
ld: removing unused section '.data' in file '/usr/lib/gcc/x86_64-linux-gnu/8/../../../x86_64-linux-gnu/Scrt1.o'
ld: total time in link: 0.129618
configure:5858: $? = 0
configure:5886: result: none required
configure:5981: checking for mode_t
configure:6011: icc -c -g -O2 -fdebug-prefix-map=/home/richard/debs/NONGIT/most/check/most-5.0.0a=. -fstack-protector-strong -Wformat -Werror=format-security -march=native -pipe -Wall -DUTF8 -Wdate-time -D_FORTIFY_SOURCE=2 conftest.c >&5
configure:6017: $? = 0
configure:6032: result: yes
configure:6044: checking for pid_t
configure:6074: icc -c -g -O2 -fdebug-prefix-map=/home/richard/debs/NONGIT/most/check/most-5.0.0a=. -fstack-protector-strong -Wformat -Werror=format-security -march=native -pipe -Wall -DUTF8 -Wdate-time -D_FORTIFY_SOURCE=2 conftest.c >&5
configure:6080: $? = 0
configure:6095: result: yes
configure:6107: checking for uid_t in sys/types.h
configure:6130: result: yes
configure:6145: checking for size_t
configure:6175: icc -c -g -O2 -fdebug-prefix-map=/home/richard/debs/NONGIT/most/check/most-5.0.0a=. -fstack-protector-strong -Wformat -Werror=format-security -march=native -pipe -Wall -DUTF8 -Wdate-time -D_FORTIFY_SOURCE=2 conftest.c >&5
configure:6181: $? = 0
configure:6196: result: yes
configure:6209: checking for short
configure:6239: icc -c -g -O2 -fdebug-prefix-map=/home/richard/debs/NONGIT/most/check/most-5.0.0a=. -fstack-protector-strong -Wformat -Werror=format-security -march=native -pipe -Wall -DUTF8 -Wdate-time -D_FORTIFY_SOURCE=2 conftest.c >&5
configure:6245: $? = 0
configure:6260: result: yes
configure:6267: checking size of short
configure:6569: icc -o conftest -g -O2 -fdebug-prefix-map=/home/richard/debs/NONGIT/most/check/most-5.0.0a=. -fstack-protector-strong -Wformat -Werror=format-security -march=native -pipe -Wall -DUTF8 -Wdate-time -D_FORTIFY_SOURCE=2 -Wl,-z,relro -Wl,--as-needed,--gc-sections,--print-gc-sections,--print-memory-usage,--stats conftest.c  >&5
ld: removing unused section '.rodata.cst4' in file '/usr/lib/gcc/x86_64-linux-gnu/8/../../../x86_64-linux-gnu/Scrt1.o'
ld: removing unused section '.data' in file '/usr/lib/gcc/x86_64-linux-gnu/8/../../../x86_64-linux-gnu/Scrt1.o'
Memory region         Used Size  Region Size  %age Used
ld: total time in link: 0.127223
configure:6572: $? = 0
configure:6578: ./conftest
configure:6581: $? = 0
configure:6604: result: 2
configure:6614: checking for int
configure:6644: icc -c -g -O2 -fdebug-prefix-map=/home/richard/debs/NONGIT/most/check/most-5.0.0a=. -fstack-protector-strong -Wformat -Werror=format-security -march=native -pipe -Wall -DUTF8 -Wdate-time -D_FORTIFY_SOURCE=2 conftest.c >&5
configure:6650: $? = 0
configure:6665: result: yes
configure:6672: checking size of int
configure:6974: icc -o conftest -g -O2 -fdebug-prefix-map=/home/richard/debs/NONGIT/most/check/most-5.0.0a=. -fstack-protector-strong -Wformat -Werror=format-security -march=native -pipe -Wall -DUTF8 -Wdate-time -D_FORTIFY_SOURCE=2 -Wl,-z,relro -Wl,--as-needed,--gc-sections,--print-gc-sections,--print-memory-usage,--stats conftest.c  >&5
ld: removing unused section '.rodata.cst4' in file '/usr/lib/gcc/x86_64-linux-gnu/8/../../../x86_64-linux-gnu/Scrt1.o'
ld: removing unused section '.data' in file '/usr/lib/gcc/x86_64-linux-gnu/8/../../../x86_64-linux-gnu/Scrt1.o'
Memory region         Used Size  Region Size  %age Used
ld: total time in link: 0.129841
configure:6977: $? = 0
configure:6983: ./conftest
configure:6986: $? = 0
configure:7009: result: 4
configure:7019: checking for long
configure:7049: icc -c -g -O2 -fdebug-prefix-map=/home/richard/debs/NONGIT/most/check/most-5.0.0a=. -fstack-protector-strong -Wformat -Werror=format-security -march=native -pipe -Wall -DUTF8 -Wdate-time -D_FORTIFY_SOURCE=2 conftest.c >&5
configure:7055: $? = 0
configure:7070: result: yes
configure:7077: checking size of long
configure:7379: icc -o conftest -g -O2 -fdebug-prefix-map=/home/richard/debs/NONGIT/most/check/most-5.0.0a=. -fstack-protector-strong -Wformat -Werror=format-security -march=native -pipe -Wall -DUTF8 -Wdate-time -D_FORTIFY_SOURCE=2 -Wl,-z,relro -Wl,--as-needed,--gc-sections,--print-gc-sections,--print-memory-usage,--stats conftest.c  >&5
ld: removing unused section '.rodata.cst4' in file '/usr/lib/gcc/x86_64-linux-gnu/8/../../../x86_64-linux-gnu/Scrt1.o'
ld: removing unused section '.data' in file '/usr/lib/gcc/x86_64-linux-gnu/8/../../../x86_64-linux-gnu/Scrt1.o'
Memory region         Used Size  Region Size  %age Used
ld: total time in link: 0.134064
configure:7382: $? = 0
configure:7388: ./conftest
configure:7391: $? = 0
configure:7414: result: 8
configure:7424: checking for float
configure:7454: icc -c -g -O2 -fdebug-prefix-map=/home/richard/debs/NONGIT/most/check/most-5.0.0a=. -fstack-protector-strong -Wformat -Werror=format-security -march=native -pipe -Wall -DUTF8 -Wdate-time -D_FORTIFY_SOURCE=2 conftest.c >&5
configure:7460: $? = 0
configure:7475: result: yes
configure:7482: checking size of float
configure:7784: icc -o conftest -g -O2 -fdebug-prefix-map=/home/richard/debs/NONGIT/most/check/most-5.0.0a=. -fstack-protector-strong -Wformat -Werror=format-security -march=native -pipe -Wall -DUTF8 -Wdate-time -D_FORTIFY_SOURCE=2 -Wl,-z,relro -Wl,--as-needed,--gc-sections,--print-gc-sections,--print-memory-usage,--stats conftest.c  >&5
ld: removing unused section '.rodata.cst4' in file '/usr/lib/gcc/x86_64-linux-gnu/8/../../../x86_64-linux-gnu/Scrt1.o'
ld: removing unused section '.data' in file '/usr/lib/gcc/x86_64-linux-gnu/8/../../../x86_64-linux-gnu/Scrt1.o'
Memory region         Used Size  Region Size  %age Used
ld: total time in link: 0.136815
configure:7787: $? = 0
configure:7793: ./conftest
configure:7796: $? = 0
configure:7819: result: 4
configure:7829: checking for double
configure:7859: icc -c -g -O2 -fdebug-prefix-map=/home/richard/debs/NONGIT/most/check/most-5.0.0a=. -fstack-protector-strong -Wformat -Werror=format-security -march=native -pipe -Wall -DUTF8 -Wdate-time -D_FORTIFY_SOURCE=2 conftest.c >&5
configure:7865: $? = 0
configure:7880: result: yes
configure:7887: checking size of double
configure:8189: icc -o conftest -g -O2 -fdebug-prefix-map=/home/richard/debs/NONGIT/most/check/most-5.0.0a=. -fstack-protector-strong -Wformat -Werror=format-security -march=native -pipe -Wall -DUTF8 -Wdate-time -D_FORTIFY_SOURCE=2 -Wl,-z,relro -Wl,--as-needed,--gc-sections,--print-gc-sections,--print-memory-usage,--stats conftest.c  >&5
ld: removing unused section '.rodata.cst4' in file '/usr/lib/gcc/x86_64-linux-gnu/8/../../../x86_64-linux-gnu/Scrt1.o'
ld: removing unused section '.data' in file '/usr/lib/gcc/x86_64-linux-gnu/8/../../../x86_64-linux-gnu/Scrt1.o'
Memory region         Used Size  Region Size  %age Used
ld: total time in link: 0.132642
configure:8192: $? = 0
configure:8198: ./conftest
configure:8201: $? = 0
configure:8224: result: 8
configure:8236: checking for long long
configure:8266: icc -c -g -O2 -fdebug-prefix-map=/home/richard/debs/NONGIT/most/check/most-5.0.0a=. -fstack-protector-strong -Wformat -Werror=format-security -march=native -pipe -Wall -DUTF8 -Wdate-time -D_FORTIFY_SOURCE=2 conftest.c >&5
configure:8272: $? = 0
configure:8287: result: yes
configure:8298: checking for long long
configure:8349: result: yes
configure:8356: checking size of long long
configure:8658: icc -o conftest -g -O2 -fdebug-prefix-map=/home/richard/debs/NONGIT/most/check/most-5.0.0a=. -fstack-protector-strong -Wformat -Werror=format-security -march=native -pipe -Wall -DUTF8 -Wdate-time -D_FORTIFY_SOURCE=2 -Wl,-z,relro -Wl,--as-needed,--gc-sections,--print-gc-sections,--print-memory-usage,--stats conftest.c  >&5
ld: removing unused section '.rodata.cst4' in file '/usr/lib/gcc/x86_64-linux-gnu/8/../../../x86_64-linux-gnu/Scrt1.o'
ld: removing unused section '.data' in file '/usr/lib/gcc/x86_64-linux-gnu/8/../../../x86_64-linux-gnu/Scrt1.o'
Memory region         Used Size  Region Size  %age Used
ld: total time in link: 0.138327
configure:8661: $? = 0
configure:8667: ./conftest
configure:8670: $? = 0
configure:8693: result: 8
configure:8712: checking for special C compiler options needed for large files
configure:8805: result: no
configure:8811: checking for _FILE_OFFSET_BITS value needed for large files
configure:8846: icc -c -g -O2 -fdebug-prefix-map=/home/richard/debs/NONGIT/most/check/most-5.0.0a=. -fstack-protector-strong -Wformat -Werror=format-security -march=native -pipe -Wall -DUTF8 -Wdate-time -D_FORTIFY_SOURCE=2 conftest.c >&5
configure:8852: $? = 0
configure:8920: result: no
configure:9055: checking for _LARGEFILE_SOURCE value needed for large files
configure:9084: icc -o conftest -g -O2 -fdebug-prefix-map=/home/richard/debs/NONGIT/most/check/most-5.0.0a=. -fstack-protector-strong -Wformat -Werror=format-security -march=native -pipe -Wall -DUTF8 -Wdate-time -D_FORTIFY_SOURCE=2 -Wl,-z,relro -Wl,--as-needed,--gc-sections,--print-gc-sections,--print-memory-usage,--stats conftest.c  >&5
Memory region         Used Size  Region Size  %age Used
ld: removing unused section '.rodata.cst4' in file '/usr/lib/gcc/x86_64-linux-gnu/8/../../../x86_64-linux-gnu/Scrt1.o'
ld: removing unused section '.data' in file '/usr/lib/gcc/x86_64-linux-gnu/8/../../../x86_64-linux-gnu/Scrt1.o'
ld: total time in link: 0.136449
configure:9090: $? = 0
configure:9156: result: no
configure:9179: checking for off_t
configure:9209: icc -c -g -O2 -fdebug-prefix-map=/home/richard/debs/NONGIT/most/check/most-5.0.0a=. -fstack-protector-strong -Wformat -Werror=format-security -march=native -pipe -Wall -DUTF8 -Wdate-time -D_FORTIFY_SOURCE=2 conftest.c >&5
configure:9215: $? = 0
configure:9230: result: yes
configure:9242: checking for off_t
configure:9293: result: yes
configure:9300: checking size of off_t
configure:9602: icc -o conftest -g -O2 -fdebug-prefix-map=/home/richard/debs/NONGIT/most/check/most-5.0.0a=. -fstack-protector-strong -Wformat -Werror=format-security -march=native -pipe -Wall -DUTF8 -Wdate-time -D_FORTIFY_SOURCE=2 -Wl,-z,relro -Wl,--as-needed,--gc-sections,--print-gc-sections,--print-memory-usage,--stats conftest.c  >&5
ld: removing unused section '.rodata.cst4' in file '/usr/lib/gcc/x86_64-linux-gnu/8/../../../x86_64-linux-gnu/Scrt1.o'
ld: removing unused section '.data' in file '/usr/lib/gcc/x86_64-linux-gnu/8/../../../x86_64-linux-gnu/Scrt1.o'
Memory region         Used Size  Region Size  %age Used
ld: total time in link: 0.126974
configure:9605: $? = 0
configure:9611: ./conftest
configure:9614: $? = 0
configure:9637: result: 8
configure:9668: checking for memset
configure:9724: icc -o conftest -g -O2 -fdebug-prefix-map=/home/richard/debs/NONGIT/most/check/most-5.0.0a=. -fstack-protector-strong -Wformat -Werror=format-security -march=native -pipe -Wall -DUTF8 -Wdate-time -D_FORTIFY_SOURCE=2 -Wl,-z,relro -Wl,--as-needed,--gc-sections,--print-gc-sections,--print-memory-usage,--stats conftest.c  >&5
Memory region         Used Size  Region Size  %age Used
ld: removing unused section '.rodata.cst4' in file '/usr/lib/gcc/x86_64-linux-gnu/8/../../../x86_64-linux-gnu/Scrt1.o'
ld: removing unused section '.data' in file '/usr/lib/gcc/x86_64-linux-gnu/8/../../../x86_64-linux-gnu/Scrt1.o'
ld: total time in link: 0.127490
configure:9730: $? = 0
configure:9748: result: yes
configure:9668: checking for memcpy
configure:9724: icc -o conftest -g -O2 -fdebug-prefix-map=/home/richard/debs/NONGIT/most/check/most-5.0.0a=. -fstack-protector-strong -Wformat -Werror=format-security -march=native -pipe -Wall -DUTF8 -Wdate-time -D_FORTIFY_SOURCE=2 -Wl,-z,relro -Wl,--as-needed,--gc-sections,--print-gc-sections,--print-memory-usage,--stats conftest.c  >&5
Memory region         Used Size  Region Size  %age Used
ld: removing unused section '.rodata.cst4' in file '/usr/lib/gcc/x86_64-linux-gnu/8/../../../x86_64-linux-gnu/Scrt1.o'
ld: removing unused section '.data' in file '/usr/lib/gcc/x86_64-linux-gnu/8/../../../x86_64-linux-gnu/Scrt1.o'
ld: total time in link: 0.126566
configure:9730: $? = 0
configure:9748: result: yes
configure:9668: checking for putenv
configure:9724: icc -o conftest -g -O2 -fdebug-prefix-map=/home/richard/debs/NONGIT/most/check/most-5.0.0a=. -fstack-protector-strong -Wformat -Werror=format-security -march=native -pipe -Wall -DUTF8 -Wdate-time -D_FORTIFY_SOURCE=2 -Wl,-z,relro -Wl,--as-needed,--gc-sections,--print-gc-sections,--print-memory-usage,--stats conftest.c  >&5
Memory region         Used Size  Region Size  %age Used
ld: removing unused section '.rodata.cst4' in file '/usr/lib/gcc/x86_64-linux-gnu/8/../../../x86_64-linux-gnu/Scrt1.o'
ld: removing unused section '.data' in file '/usr/lib/gcc/x86_64-linux-gnu/8/../../../x86_64-linux-gnu/Scrt1.o'
ld: total time in link: 0.128670
configure:9730: $? = 0
configure:9748: result: yes
configure:9668: checking for getcwd
configure:9724: icc -o conftest -g -O2 -fdebug-prefix-map=/home/richard/debs/NONGIT/most/check/most-5.0.0a=. -fstack-protector-strong -Wformat -Werror=format-security -march=native -pipe -Wall -DUTF8 -Wdate-time -D_FORTIFY_SOURCE=2 -Wl,-z,relro -Wl,--as-needed,--gc-sections,--print-gc-sections,--print-memory-usage,--stats conftest.c  >&5
Memory region         Used Size  Region Size  %age Used
ld: removing unused section '.rodata.cst4' in file '/usr/lib/gcc/x86_64-linux-gnu/8/../../../x86_64-linux-gnu/Scrt1.o'
ld: removing unused section '.data' in file '/usr/lib/gcc/x86_64-linux-gnu/8/../../../x86_64-linux-gnu/Scrt1.o'
ld: total time in link: 0.132437
configure:9730: $? = 0
configure:9748: result: yes
configure:9668: checking for mmap
configure:9724: icc -o conftest -g -O2 -fdebug-prefix-map=/home/richard/debs/NONGIT/most/check/most-5.0.0a=. -fstack-protector-strong -Wformat -Werror=format-security -march=native -pipe -Wall -DUTF8 -Wdate-time -D_FORTIFY_SOURCE=2 -Wl,-z,relro -Wl,--as-needed,--gc-sections,--print-gc-sections,--print-memory-usage,--stats conftest.c  >&5
Memory region         Used Size  Region Size  %age Used
ld: removing unused section '.rodata.cst4' in file '/usr/lib/gcc/x86_64-linux-gnu/8/../../../x86_64-linux-gnu/Scrt1.o'
ld: removing unused section '.data' in file '/usr/lib/gcc/x86_64-linux-gnu/8/../../../x86_64-linux-gnu/Scrt1.o'
ld: total time in link: 0.129749
configure:9730: $? = 0
configure:9748: result: yes
configure:9668: checking for snprintf
configure:9724: icc -o conftest -g -O2 -fdebug-prefix-map=/home/richard/debs/NONGIT/most/check/most-5.0.0a=. -fstack-protector-strong -Wformat -Werror=format-security -march=native -pipe -Wall -DUTF8 -Wdate-time -D_FORTIFY_SOURCE=2 -Wl,-z,relro -Wl,--as-needed,--gc-sections,--print-gc-sections,--print-memory-usage,--stats conftest.c  >&5
Memory region         Used Size  Region Size  %age Used
ld: removing unused section '.rodata.cst4' in file '/usr/lib/gcc/x86_64-linux-gnu/8/../../../x86_64-linux-gnu/Scrt1.o'
ld: removing unused section '.data' in file '/usr/lib/gcc/x86_64-linux-gnu/8/../../../x86_64-linux-gnu/Scrt1.o'
ld: total time in link: 0.136071
configure:9730: $? = 0
configure:9748: result: yes
configure:9668: checking for getpgrp
configure:9724: icc -o conftest -g -O2 -fdebug-prefix-map=/home/richard/debs/NONGIT/most/check/most-5.0.0a=. -fstack-protector-strong -Wformat -Werror=format-security -march=native -pipe -Wall -DUTF8 -Wdate-time -D_FORTIFY_SOURCE=2 -Wl,-z,relro -Wl,--as-needed,--gc-sections,--print-gc-sections,--print-memory-usage,--stats conftest.c  >&5
Memory region         Used Size  Region Size  %age Used
ld: removing unused section '.rodata.cst4' in file '/usr/lib/gcc/x86_64-linux-gnu/8/../../../x86_64-linux-gnu/Scrt1.o'
ld: removing unused section '.data' in file '/usr/lib/gcc/x86_64-linux-gnu/8/../../../x86_64-linux-gnu/Scrt1.o'
ld: total time in link: 0.126826
configure:9730: $? = 0
configure:9748: result: yes
configure:9668: checking for tcgetpgrp
configure:9724: icc -o conftest -g -O2 -fdebug-prefix-map=/home/richard/debs/NONGIT/most/check/most-5.0.0a=. -fstack-protector-strong -Wformat -Werror=format-security -march=native -pipe -Wall -DUTF8 -Wdate-time -D_FORTIFY_SOURCE=2 -Wl,-z,relro -Wl,--as-needed,--gc-sections,--print-gc-sections,--print-memory-usage,--stats conftest.c  >&5
Memory region         Used Size  Region Size  %age Used
ld: removing unused section '.rodata.cst4' in file '/usr/lib/gcc/x86_64-linux-gnu/8/../../../x86_64-linux-gnu/Scrt1.o'
ld: removing unused section '.data' in file '/usr/lib/gcc/x86_64-linux-gnu/8/../../../x86_64-linux-gnu/Scrt1.o'
ld: total time in link: 0.128469
configure:9730: $? = 0
configure:9748: result: yes
configure:9780: checking for Terminfo
configure:9801: result: yes
configure:9842: checking for the slang library and header files 
configure:10013: result: yes: /usr/lib/x86_64-linux-gnu and /usr/include
configure:10258: creating ./config.status

## ---------------------- ##
## Running config.status. ##
## ---------------------- ##

This file was extended by config.status, which was
generated by GNU Autoconf 2.61.  Invocation command line was

  CONFIG_FILES    = 
  CONFIG_HEADERS  = 
  CONFIG_LINKS    = 
  CONFIG_COMMANDS = 
  $ ./config.status 

on server

config.status:645: creating Makefile
config.status:645: creating src/Makefile
config.status:645: creating src/sysconf.h

## ---------------- ##
## Cache variables. ##
## ---------------- ##

ac_cv_build=x86_64-pc-linux-gnu
ac_cv_c_compiler_gnu=yes
ac_cv_env_CC_set=set
ac_cv_env_CC_value=icc
ac_cv_env_CFLAGS_set=set
ac_cv_env_CFLAGS_value='-g -O2 -fdebug-prefix-map=/home/richard/debs/NONGIT/most/check/most-5.0.0a=. -fstack-protector-strong -Wformat -Werror=format-security -march=native -pipe -Wall -DUTF8'
ac_cv_env_CPPFLAGS_set=set
ac_cv_env_CPPFLAGS_value='-Wdate-time -D_FORTIFY_SOURCE=2'
ac_cv_env_CPP_set=
ac_cv_env_CPP_value=
ac_cv_env_LDFLAGS_set=set
ac_cv_env_LDFLAGS_value='-Wl,-z,relro -Wl,--as-needed,--gc-sections,--print-gc-sections,--print-memory-usage,--stats'
ac_cv_env_LIBS_set=
ac_cv_env_LIBS_value=
ac_cv_env_XMKMF_set=
ac_cv_env_XMKMF_value=
ac_cv_env_build_alias_set=
ac_cv_env_build_alias_value=
ac_cv_env_host_alias_set=
ac_cv_env_host_alias_value=
ac_cv_env_target_alias_set=
ac_cv_env_target_alias_value=
ac_cv_func_connect=yes
ac_cv_func_getcwd=yes
ac_cv_func_gethostbyname=yes
ac_cv_func_getpgrp=yes
ac_cv_func_memcpy=yes
ac_cv_func_memset=yes
ac_cv_func_mmap=yes
ac_cv_func_putenv=yes
ac_cv_func_remove=yes
ac_cv_func_shmat=yes
ac_cv_func_snprintf=yes
ac_cv_func_tcgetpgrp=yes
ac_cv_have_x='have_x=yes	ac_x_includes='\'''\''	ac_x_libraries='\'''\'''
ac_cv_header_dirent_dirent_h=yes
ac_cv_header_dlfcn_h=yes
ac_cv_header_inttypes_h=yes
ac_cv_header_malloc_h=yes
ac_cv_header_memory_h=yes
ac_cv_header_stdc=yes
ac_cv_header_stdint_h=yes
ac_cv_header_stdlib_h=yes
ac_cv_header_string_h=yes
ac_cv_header_strings_h=yes
ac_cv_header_sys_mman_h=yes
ac_cv_header_sys_stat_h=yes
ac_cv_header_sys_types_h=yes
ac_cv_header_termios_h=yes
ac_cv_header_unistd_h=yes
ac_cv_host=x86_64-pc-linux-gnu
ac_cv_lib_ICE_IceConnectionNumber=yes
ac_cv_lib_dl_dlopen=yes
ac_cv_objext=o
ac_cv_path_EGREP='/bin/grep -E'
ac_cv_path_GREP=/bin/grep
ac_cv_path_install='/usr/bin/install -c'
ac_cv_prog_CPP='icc -E'
ac_cv_prog_ac_ct_CC=icc
ac_cv_prog_cc_c89=
ac_cv_prog_cc_g=yes
ac_cv_prog_gcc_traditional=no
ac_cv_prog_make_make_set=yes
ac_cv_search_opendir='none required'
ac_cv_search_strerror='none required'
ac_cv_sizeof_double=8
ac_cv_sizeof_float=4
ac_cv_sizeof_int=4
ac_cv_sizeof_long=8
ac_cv_sizeof_long_long=8
ac_cv_sizeof_off_t=8
ac_cv_sizeof_short=2
ac_cv_sys_file_offset_bits=no
ac_cv_sys_largefile_CC=no
ac_cv_sys_largefile_source=no
ac_cv_type_double=yes
ac_cv_type_float=yes
ac_cv_type_int=yes
ac_cv_type_long=yes
ac_cv_type_long_long=yes
ac_cv_type_mode_t=yes
ac_cv_type_off_t=yes
ac_cv_type_pid_t=yes
ac_cv_type_short=yes
ac_cv_type_size_t=yes
ac_cv_type_uid_t=yes

## ----------------- ##
## Output variables. ##
## ----------------- ##

CC='icc'
CC_SHARED='$(CC) $(CFLAGS) -shared -fPIC'
CFLAGS='-g -O2 -fdebug-prefix-map=/home/richard/debs/NONGIT/most/check/most-5.0.0a=. -fstack-protector-strong -Wformat -Werror=format-security -march=native -pipe -Wall -DUTF8'
CONFIG_DIR='/home/richard/debs/NONGIT/most/check/most-5.0.0a'
CPP='icc -E'
CPPFLAGS='-Wdate-time -D_FORTIFY_SOURCE=2'
DEFS='-DHAVE_CONFIG_H'
DLL_IMPLIB_NAME=''
DYNAMIC_LINK_FLAGS='-Wl,-export-dynamic'
DYNAMIC_LINK_LIB='-ldl'
ECHO_C=''
ECHO_N='-n'
ECHO_T=''
EGREP='/bin/grep -E'
ELFDIR='/home/richard/debs/NONGIT/most/check/most-5.0.0a/src/elfobjs'
ELFLIB='lib$(THIS_LIB).so'
ELFLIB_BUILD_NAME='$(ELFLIB_MAJOR_MINOR_MICRO)'
ELFLIB_MAJOR='$(ELFLIB).$(ELF_MAJOR_VERSION)'
ELFLIB_MAJOR_MINOR='$(ELFLIB_MAJOR).$(ELF_MINOR_VERSION)'
ELFLIB_MAJOR_MINOR_MICRO='$(ELFLIB_MAJOR_MINOR).$(ELF_MICRO_VERSION)'
ELF_CC='$(CC)'
ELF_CFLAGS='$(CFLAGS) -fPIC'
ELF_DEP_LIBS='$(DL_LIB) -lm -lc'
ELF_LINK='$(CC) $(LDFLAGS) -shared -Wl,-O1 -Wl,--version-script,$(VERSION_SCRIPT) -Wl,-soname,$(ELFLIB_MAJOR)'
ELF_LINK_CMD=''
EXEEXT=''
GREP='/bin/grep'
INSTALL_DATA='${INSTALL} -m 644'
INSTALL_ELFLIB_TARGET='install-elf-and-links'
INSTALL_MODULE='$(INSTALL_DATA)'
INSTALL_PROGRAM='${INSTALL}'
INSTALL_SCRIPT='${INSTALL}'
LDFLAGS='-Wl,-z,relro -Wl,--as-needed,--gc-sections,--print-gc-sections,--print-memory-usage,--stats'
LIBOBJS=''
LIBS=''
LTLIBOBJS=''
MISC_TERMINFO_DIRS=''
OBJDIR='/home/richard/debs/NONGIT/most/check/most-5.0.0a/src/objs'
OBJEXT='o'
PACKAGE_BUGREPORT=''
PACKAGE_NAME=''
PACKAGE_STRING=''
PACKAGE_TARNAME=''
PACKAGE_VERSION=''
PATH_SEPARATOR=':'
PROGRAM_CFILES=' buffer.c cmd.c display.c edit.c file.c help.c keym.c keyparse.c line.c main.c most.c search.c sysdep.c window.c'
PROGRAM_ELFOBJECTS=' $(ELFDIR)/buffer.o $(ELFDIR)/cmd.o $(ELFDIR)/display.o $(ELFDIR)/edit.o $(ELFDIR)/file.o $(ELFDIR)/help.o $(ELFDIR)/keym.o $(ELFDIR)/keyparse.o $(ELFDIR)/line.o $(ELFDIR)/main.o $(ELFDIR)/most.o $(ELFDIR)/search.o $(ELFDIR)/sysdep.o $(ELFDIR)/window.o'
PROGRAM_HFILES=''
PROGRAM_OBJECTS=' $(OBJDIR)/buffer.o $(OBJDIR)/cmd.o $(OBJDIR)/display.o $(OBJDIR)/edit.o $(OBJDIR)/file.o $(OBJDIR)/help.o $(OBJDIR)/keym.o $(OBJDIR)/keyparse.o $(OBJDIR)/line.o $(OBJDIR)/main.o $(OBJDIR)/most.o $(OBJDIR)/search.o $(OBJDIR)/sysdep.o $(OBJDIR)/window.o'
PROGRAM_OFILES=' buffer.o cmd.o display.o edit.o file.o help.o keym.o keyparse.o line.o main.o most.o search.o sysdep.o window.o'
RPATH='-Wl,-R/usr/lib/x86_64-linux-gnu'
SET_MAKE=''
SHELL='/bin/bash'
SLANG_DLL_CFLAGS=''
SLANG_INC=''
SLANG_LIB='-L/usr/lib/x86_64-linux-gnu'
SLANG_LIB_FOR_MODULES=''
SRCDIR='/home/richard/debs/NONGIT/most/check/most-5.0.0a/src'
TERMCAP=''
XMKMF=''
X_CFLAGS=''
X_EXTRA_LIBS=''
X_LIBS=''
X_PRE_LIBS=' -lSM -lICE'
ac_ct_CC='icc'
bindir='${exec_prefix}/bin'
build='x86_64-pc-linux-gnu'
build_alias=''
build_cpu='x86_64'
build_os='linux-gnu'
build_vendor='pc'
datadir='${datarootdir}'
datarootdir='${prefix}/share'
docdir='${datarootdir}/doc/${PACKAGE}'
dvidir='${docdir}'
exec_prefix='${prefix}'
host='x86_64-pc-linux-gnu'
host_alias=''
host_cpu='x86_64'
host_os='linux-gnu'
host_vendor='pc'
htmldir='${docdir}'
includedir='${prefix}/include'
infodir='${datarootdir}/info'
libdir='${exec_prefix}/lib'
libexecdir='${exec_prefix}/libexec'
localedir='${datarootdir}/locale'
localstatedir='${prefix}/var'
mandir='${datarootdir}/man'
oldincludedir='/usr/include'
pdfdir='${docdir}'
prefix='/usr/local'
program_transform_name='s,x,x,'
psdir='${docdir}'
sbindir='${exec_prefix}/sbin'
sharedstatedir='${prefix}/com'
sysconfdir='${prefix}/etc'
target_alias=''

## ----------- ##
## confdefs.h. ##
## ----------- ##

#define PACKAGE_NAME ""
#define PACKAGE_TARNAME ""
#define PACKAGE_VERSION ""
#define PACKAGE_STRING ""
#define PACKAGE_BUGREPORT ""
#define STDC_HEADERS 1
#define HAVE_SYS_TYPES_H 1
#define HAVE_SYS_STAT_H 1
#define HAVE_STDLIB_H 1
#define HAVE_STRING_H 1
#define HAVE_MEMORY_H 1
#define HAVE_STRINGS_H 1
#define HAVE_INTTYPES_H 1
#define HAVE_STDINT_H 1
#define HAVE_UNISTD_H 1
#define HAVE_DLFCN_H 1
#define HAVE_DLOPEN 1
#define USE_MMAP 1
#define HAVE_STDLIB_H 1
#define HAVE_UNISTD_H 1
#define HAVE_MEMORY_H 1
#define HAVE_MALLOC_H 1
#define HAVE_TERMIOS_H 1
#define HAVE_SYS_MMAN_H 1
#define HAVE_DIRENT_H 1
#define SIZEOF_SHORT 2
#define SIZEOF_INT 4
#define SIZEOF_LONG 8
#define SIZEOF_FLOAT 4
#define SIZEOF_DOUBLE 8
#define HAVE_LONG_LONG 1
#define SIZEOF_LONG_LONG 8
#define HAVE_FSEEKO 1
#define SIZEOF_OFF_T 8
#define HAVE_MEMSET 1
#define HAVE_MEMCPY 1
#define HAVE_PUTENV 1
#define HAVE_GETCWD 1
#define HAVE_MMAP 1
#define HAVE_SNPRINTF 1
#define HAVE_GETPGRP 1
#define HAVE_TCGETPGRP 1

configure: exit 0
